<?xml version="1.0" encoding="UTF-8"?>
<testsuite name="io.codeblog.HelloControllerTests" tests="1" skipped="0" failures="0" errors="0" timestamp="2016-12-13T00:38:00" hostname="Daryls-MacBook-Pro.local" time="0.057">
  <properties/>
  <testcase name="home" classname="io.codeblog.HelloControllerTests" time="0.057"/>
  <system-out><![CDATA[2016-12-12 19:37:59.329  INFO 52832 --- [    Test worker] .b.t.a.w.s.WebMvcTestContextBootstrapper : Neither @ContextConfiguration nor @ContextHierarchy found for test class [io.codeblog.HelloControllerTests], using SpringBootContextLoader
2016-12-12 19:37:59.331  INFO 52832 --- [    Test worker] o.s.t.c.support.AbstractContextLoader    : Could not detect default resource locations for test class [io.codeblog.HelloControllerTests]: no resource found for suffixes {-context.xml, Context.groovy}.
2016-12-12 19:37:59.331  INFO 52832 --- [    Test worker] t.c.s.AnnotationConfigContextLoaderUtils : Could not detect default configuration classes for test class [io.codeblog.HelloControllerTests]: HelloControllerTests does not declare any static, non-private, non-final, nested classes annotated with @Configuration.
2016-12-12 19:37:59.356  INFO 52832 --- [    Test worker] .b.t.c.SpringBootTestContextBootstrapper : Found @SpringBootConfiguration io.codeblog.DemoApplication for test class io.codeblog.HelloControllerTests
2016-12-12 19:37:59.361  INFO 52832 --- [    Test worker] .b.t.a.w.s.WebMvcTestContextBootstrapper : Loaded default TestExecutionListener class names from location [META-INF/spring.factories]: [org.springframework.boot.test.mock.mockito.MockitoTestExecutionListener, org.springframework.boot.test.mock.mockito.ResetMocksTestExecutionListener, org.springframework.boot.test.autoconfigure.restdocs.RestDocsTestExecutionListener, org.springframework.boot.test.autoconfigure.web.client.MockRestServiceServerResetTestExecutionListener, org.springframework.boot.test.autoconfigure.web.servlet.MockMvcPrintOnlyOnFailureTestExecutionListener, org.springframework.boot.test.autoconfigure.web.servlet.WebDriverTestExecutionListener, org.springframework.test.context.web.ServletTestExecutionListener, org.springframework.test.context.support.DirtiesContextBeforeModesTestExecutionListener, org.springframework.test.context.support.DependencyInjectionTestExecutionListener, org.springframework.test.context.support.DirtiesContextTestExecutionListener, org.springframework.test.context.transaction.TransactionalTestExecutionListener, org.springframework.test.context.jdbc.SqlScriptsTestExecutionListener]
2016-12-12 19:37:59.366  INFO 52832 --- [    Test worker] .b.t.a.w.s.WebMvcTestContextBootstrapper : Could not instantiate TestExecutionListener [org.springframework.test.context.transaction.TransactionalTestExecutionListener]. Specify custom listener classes or make the default listener classes (and their required dependencies) available. Offending class: [org/springframework/transaction/interceptor/TransactionAttributeSource]
2016-12-12 19:37:59.367  INFO 52832 --- [    Test worker] .b.t.a.w.s.WebMvcTestContextBootstrapper : Could not instantiate TestExecutionListener [org.springframework.test.context.jdbc.SqlScriptsTestExecutionListener]. Specify custom listener classes or make the default listener classes (and their required dependencies) available. Offending class: [org/springframework/transaction/interceptor/TransactionAttribute]
2016-12-12 19:37:59.368  INFO 52832 --- [    Test worker] .b.t.a.w.s.WebMvcTestContextBootstrapper : Using TestExecutionListeners: [org.springframework.test.context.web.ServletTestExecutionListener@334df9d4, org.springframework.test.context.support.DirtiesContextBeforeModesTestExecutionListener@eae0706, org.springframework.boot.test.autoconfigure.SpringBootDependencyInjectionTestExecutionListener@6842e2d0, org.springframework.test.context.support.DirtiesContextTestExecutionListener@42df4b5f, org.springframework.boot.test.mock.mockito.ResetMocksTestExecutionListener@1e808989, org.springframework.boot.test.mock.mockito.MockitoTestExecutionListener@60682b68, org.springframework.boot.test.autoconfigure.restdocs.RestDocsTestExecutionListener@1fc311d7, org.springframework.boot.test.autoconfigure.web.servlet.WebDriverTestExecutionListener@277e34c3, org.springframework.boot.test.autoconfigure.web.client.MockRestServiceServerResetTestExecutionListener@3da82d64, org.springframework.boot.test.autoconfigure.web.servlet.MockMvcPrintOnlyOnFailureTestExecutionListener@1cba62d2]

  .   ____          _            __ _ _
 /\\ / ___'_ __ _ _(_)_ __  __ _ \ \ \ \
( ( )\___ | '_ | '_| | '_ \/ _` | \ \ \ \
 \\/  ___)| |_)| | | | | || (_| |  ) ) ) )
  '  |____| .__|_| |_|_| |_\__, | / / / /
 =========|_|==============|___/=/_/_/_/
 :: Spring Boot ::        (v1.4.2.RELEASE)

2016-12-12 19:37:59.443  INFO 52832 --- [    Test worker] io.codeblog.HelloControllerTests         : Starting HelloControllerTests on Daryls-MacBook-Pro.local with PID 52832 (started by daryl in /Users/daryl/code/personal/pipelinedemo)
2016-12-12 19:37:59.445  INFO 52832 --- [    Test worker] io.codeblog.HelloControllerTests         : No active profile set, falling back to default profiles: default
2016-12-12 19:37:59.458  INFO 52832 --- [    Test worker] o.s.w.c.s.GenericWebApplicationContext   : Refreshing org.springframework.web.context.support.GenericWebApplicationContext@72ef85e8: startup date [Mon Dec 12 19:37:59 EST 2016]; root of context hierarchy
2016-12-12 19:37:59.687  INFO 52832 --- [    Test worker] f.a.AutowiredAnnotationBeanPostProcessor : JSR-330 'javax.inject.Inject' annotation found and supported for autowiring
2016-12-12 19:37:59.859  INFO 52832 --- [    Test worker] s.w.s.m.m.a.RequestMappingHandlerAdapter : Looking for @ControllerAdvice: org.springframework.web.context.support.GenericWebApplicationContext@72ef85e8: startup date [Mon Dec 12 19:37:59 EST 2016]; root of context hierarchy
2016-12-12 19:37:59.872  INFO 52832 --- [    Test worker] s.w.s.m.m.a.RequestMappingHandlerMapping : Mapped "{[/]}" onto java.lang.String io.codeblog.HelloController.home()
2016-12-12 19:37:59.894  INFO 52832 --- [    Test worker] o.s.w.s.handler.SimpleUrlHandlerMapping  : Mapped URL path [/webjars/**] onto handler of type [class org.springframework.web.servlet.resource.ResourceHttpRequestHandler]
2016-12-12 19:37:59.895  INFO 52832 --- [    Test worker] o.s.w.s.handler.SimpleUrlHandlerMapping  : Mapped URL path [/**] onto handler of type [class org.springframework.web.servlet.resource.ResourceHttpRequestHandler]
2016-12-12 19:37:59.922  INFO 52832 --- [    Test worker] o.s.w.s.handler.SimpleUrlHandlerMapping  : Mapped URL path [/**/favicon.ico] onto handler of type [class org.springframework.web.servlet.resource.ResourceHttpRequestHandler]
2016-12-12 19:37:59.994  INFO 52832 --- [    Test worker] o.s.b.t.m.w.SpringBootMockServletContext : Initializing Spring FrameworkServlet ''
2016-12-12 19:37:59.995  INFO 52832 --- [    Test worker] o.s.t.web.servlet.TestDispatcherServlet  : FrameworkServlet '': initialization started
2016-12-12 19:38:00.020  INFO 52832 --- [    Test worker] o.s.t.web.servlet.TestDispatcherServlet  : FrameworkServlet '': initialization completed in 25 ms
2016-12-12 19:38:00.088  INFO 52832 --- [    Test worker] io.codeblog.HelloControllerTests         : Started HelloControllerTests in 0.708 seconds (JVM running for 5.138)
]]></system-out>
  <system-err><![CDATA[]]></system-err>
</testsuite>
